Failed to complete cronjob at ('* * * * *', 'production.tasks.call_api', '>> /home/ongraph/Desktop/Termirlan/AktisERP/cron_job.log 2>&1')
Traceback (most recent call last):
  File "/home/ongraph/Desktop/Termirlan/AktisERP/production/tasks.py", line 40, in send_whatsapp_message
    print(f"Message sent to {number}, SID: {message.sid}")
NameError: name 'number' is not defined

During handling of the above exception, another exception occurred:

Traceback (most recent call last):
  File "/home/ongraph/Desktop/Termirlan/AktisERP/venv/lib/python3.10/site-packages/django_crontab/crontab.py", line 145, in run_job
    func(*job_args, **job_kwargs)
  File "/home/ongraph/Desktop/Termirlan/AktisERP/production/tasks.py", line 57, in call_api
    send_whatsapp_message(data)
  File "/home/ongraph/Desktop/Termirlan/AktisERP/production/tasks.py", line 42, in send_whatsapp_message
    print(f"Failed to send message to {number}: {str(e)}")
NameError: name 'number' is not defined
[{'order_number': '1118', 'term': datetime.date(2024, 9, 14), 'client__name': 'testing3'}]
Failed to complete cronjob at ('* * * * *', 'production.tasks.call_api', '>> /home/ongraph/Desktop/Termirlan/AktisERP/cron_job.log 2>&1')
Traceback (most recent call last):
  File "/home/ongraph/Desktop/Termirlan/AktisERP/production/tasks.py", line 40, in send_whatsapp_message
    print(f"Message sent to {number}, SID: {message.sid}")
NameError: name 'number' is not defined

During handling of the above exception, another exception occurred:

Traceback (most recent call last):
  File "/home/ongraph/Desktop/Termirlan/AktisERP/venv/lib/python3.10/site-packages/django_crontab/crontab.py", line 145, in run_job
    func(*job_args, **job_kwargs)
  File "/home/ongraph/Desktop/Termirlan/AktisERP/production/tasks.py", line 57, in call_api
    send_whatsapp_message(data)
  File "/home/ongraph/Desktop/Termirlan/AktisERP/production/tasks.py", line 42, in send_whatsapp_message
    print(f"Failed to send message to {number}: {str(e)}")
NameError: name 'number' is not defined
[{'order_number': '1119', 'term': datetime.date(2024, 9, 14), 'client__name': 'testing3'}]
Failed to complete cronjob at ('* * * * *', 'production.tasks.call_api', '>> /home/ongraph/Desktop/Termirlan/AktisERP/cron_job.log 2>&1')
Traceback (most recent call last):
  File "/home/ongraph/Desktop/Termirlan/AktisERP/production/tasks.py", line 40, in send_whatsapp_message
    print(f"Message sent to {number}, SID: {message.sid}")
NameError: name 'number' is not defined

During handling of the above exception, another exception occurred:

Traceback (most recent call last):
  File "/home/ongraph/Desktop/Termirlan/AktisERP/venv/lib/python3.10/site-packages/django_crontab/crontab.py", line 145, in run_job
    func(*job_args, **job_kwargs)
  File "/home/ongraph/Desktop/Termirlan/AktisERP/production/tasks.py", line 57, in call_api
    send_whatsapp_message(data)
  File "/home/ongraph/Desktop/Termirlan/AktisERP/production/tasks.py", line 42, in send_whatsapp_message
    print(f"Failed to send message to {number}: {str(e)}")
NameError: name 'number' is not defined
[{'order_number': '1119', 'term': datetime.date(2024, 9, 14), 'client__name': 'testing3'}]
Failed to complete cronjob at ('* * * * *', 'production.tasks.call_api', '>> /home/ongraph/Desktop/Termirlan/AktisERP/cron_job.log 2>&1')
Traceback (most recent call last):
  File "/home/ongraph/Desktop/Termirlan/AktisERP/production/tasks.py", line 40, in send_whatsapp_message
    print(f"Message sent to {number}, SID: {message.sid}")
NameError: name 'number' is not defined

During handling of the above exception, another exception occurred:

Traceback (most recent call last):
  File "/home/ongraph/Desktop/Termirlan/AktisERP/venv/lib/python3.10/site-packages/django_crontab/crontab.py", line 145, in run_job
    func(*job_args, **job_kwargs)
  File "/home/ongraph/Desktop/Termirlan/AktisERP/production/tasks.py", line 57, in call_api
    send_whatsapp_message(data)
  File "/home/ongraph/Desktop/Termirlan/AktisERP/production/tasks.py", line 42, in send_whatsapp_message
    print(f"Failed to send message to {number}: {str(e)}")
NameError: name 'number' is not defined
[{'order_number': '1119', 'term': datetime.date(2024, 9, 14), 'client__name': 'testing3'}]
Failed to complete cronjob at ('* * * * *', 'production.tasks.call_api', '>> /home/ongraph/Desktop/Termirlan/AktisERP/cron_job.log 2>&1')
Traceback (most recent call last):
  File "/home/ongraph/Desktop/Termirlan/AktisERP/production/tasks.py", line 40, in send_whatsapp_message
    print(f"Message sent to {number}, SID: {message.sid}")
NameError: name 'number' is not defined

During handling of the above exception, another exception occurred:

Traceback (most recent call last):
  File "/home/ongraph/Desktop/Termirlan/AktisERP/venv/lib/python3.10/site-packages/django_crontab/crontab.py", line 145, in run_job
    func(*job_args, **job_kwargs)
  File "/home/ongraph/Desktop/Termirlan/AktisERP/production/tasks.py", line 57, in call_api
    send_whatsapp_message(data)
  File "/home/ongraph/Desktop/Termirlan/AktisERP/production/tasks.py", line 42, in send_whatsapp_message
    print(f"Failed to send message to {number}: {str(e)}")
NameError: name 'number' is not defined
[{'order_number': '1119', 'term': datetime.date(2024, 9, 14), 'client__name': 'testing3'}]
Failed to complete cronjob at ('* * * * *', 'production.tasks.call_api', '>> /home/ongraph/Desktop/Termirlan/AktisERP/cron_job.log 2>&1')
Traceback (most recent call last):
  File "/home/ongraph/Desktop/Termirlan/AktisERP/production/tasks.py", line 40, in send_whatsapp_message
    print(f"Message sent to {number}, SID: {message.sid}")
NameError: name 'number' is not defined

During handling of the above exception, another exception occurred:

Traceback (most recent call last):
  File "/home/ongraph/Desktop/Termirlan/AktisERP/venv/lib/python3.10/site-packages/django_crontab/crontab.py", line 145, in run_job
    func(*job_args, **job_kwargs)
  File "/home/ongraph/Desktop/Termirlan/AktisERP/production/tasks.py", line 57, in call_api
    send_whatsapp_message(data)
  File "/home/ongraph/Desktop/Termirlan/AktisERP/production/tasks.py", line 42, in send_whatsapp_message
    print(f"Failed to send message to {number}: {str(e)}")
NameError: name 'number' is not defined
[{'order_number': '1119', 'term': datetime.date(2024, 9, 14), 'client__name': 'testing3'}]
Failed to complete cronjob at ('* * * * *', 'production.tasks.call_api', '>> /home/ongraph/Desktop/Termirlan/AktisERP/cron_job.log 2>&1')
Traceback (most recent call last):
  File "/home/ongraph/Desktop/Termirlan/AktisERP/production/tasks.py", line 40, in send_whatsapp_message
    print(f"Message sent to {number}, SID: {message.sid}")
NameError: name 'number' is not defined

During handling of the above exception, another exception occurred:

Traceback (most recent call last):
  File "/home/ongraph/Desktop/Termirlan/AktisERP/venv/lib/python3.10/site-packages/django_crontab/crontab.py", line 145, in run_job
    func(*job_args, **job_kwargs)
  File "/home/ongraph/Desktop/Termirlan/AktisERP/production/tasks.py", line 57, in call_api
    send_whatsapp_message(data)
  File "/home/ongraph/Desktop/Termirlan/AktisERP/production/tasks.py", line 42, in send_whatsapp_message
    print(f"Failed to send message to {number}: {str(e)}")
NameError: name 'number' is not defined
[{'order_number': '1119', 'term': datetime.date(2024, 9, 14), 'client__name': 'testing3'}]
Failed to complete cronjob at ('* * * * *', 'production.tasks.call_api', '>> /home/ongraph/Desktop/Termirlan/AktisERP/cron_job.log 2>&1')
Traceback (most recent call last):
  File "/home/ongraph/Desktop/Termirlan/AktisERP/production/tasks.py", line 40, in send_whatsapp_message
    print(f"Message sent to {number}, SID: {message.sid}")
NameError: name 'number' is not defined

During handling of the above exception, another exception occurred:

Traceback (most recent call last):
  File "/home/ongraph/Desktop/Termirlan/AktisERP/venv/lib/python3.10/site-packages/django_crontab/crontab.py", line 145, in run_job
    func(*job_args, **job_kwargs)
  File "/home/ongraph/Desktop/Termirlan/AktisERP/production/tasks.py", line 57, in call_api
    send_whatsapp_message(data)
  File "/home/ongraph/Desktop/Termirlan/AktisERP/production/tasks.py", line 42, in send_whatsapp_message
    print(f"Failed to send message to {number}: {str(e)}")
NameError: name 'number' is not defined
[{'order_number': '20001', 'term': datetime.date(2024, 9, 14), 'client__name': 'testing3'}, {'order_number': '1119', 'term': datetime.date(2024, 9, 14), 'client__name': 'testing3'}]
Failed to complete cronjob at ('* * * * *', 'production.tasks.call_api', '>> /home/ongraph/Desktop/Termirlan/AktisERP/cron_job.log 2>&1')
Traceback (most recent call last):
  File "/home/ongraph/Desktop/Termirlan/AktisERP/production/tasks.py", line 40, in send_whatsapp_message
    print(f"Message sent to {number}, SID: {message.sid}")
NameError: name 'number' is not defined

During handling of the above exception, another exception occurred:

Traceback (most recent call last):
  File "/home/ongraph/Desktop/Termirlan/AktisERP/venv/lib/python3.10/site-packages/django_crontab/crontab.py", line 145, in run_job
    func(*job_args, **job_kwargs)
  File "/home/ongraph/Desktop/Termirlan/AktisERP/production/tasks.py", line 57, in call_api
    send_whatsapp_message(data)
  File "/home/ongraph/Desktop/Termirlan/AktisERP/production/tasks.py", line 42, in send_whatsapp_message
    print(f"Failed to send message to {number}: {str(e)}")
NameError: name 'number' is not defined
[{'order_number': '20001', 'term': datetime.date(2024, 9, 14), 'client__name': 'testing3'}, {'order_number': '1119', 'term': datetime.date(2024, 9, 14), 'client__name': 'testing3'}]
Failed to complete cronjob at ('* * * * *', 'production.tasks.call_api', '>> /home/ongraph/Desktop/Termirlan/AktisERP/cron_job.log 2>&1')
Traceback (most recent call last):
  File "/home/ongraph/Desktop/Termirlan/AktisERP/production/tasks.py", line 40, in send_whatsapp_message
    print(f"Message sent to {number}, SID: {message.sid}")
NameError: name 'number' is not defined

During handling of the above exception, another exception occurred:

Traceback (most recent call last):
  File "/home/ongraph/Desktop/Termirlan/AktisERP/venv/lib/python3.10/site-packages/django_crontab/crontab.py", line 145, in run_job
    func(*job_args, **job_kwargs)
  File "/home/ongraph/Desktop/Termirlan/AktisERP/production/tasks.py", line 57, in call_api
    send_whatsapp_message(data)
  File "/home/ongraph/Desktop/Termirlan/AktisERP/production/tasks.py", line 42, in send_whatsapp_message
    print(f"Failed to send message to {number}: {str(e)}")
NameError: name 'number' is not defined
[{'order_number': '20001', 'term': datetime.date(2024, 9, 14), 'client__name': 'testing3'}, {'order_number': '1119', 'term': datetime.date(2024, 9, 14), 'client__name': 'testing3'}]
Failed to complete cronjob at ('* * * * *', 'production.tasks.call_api', '>> /home/ongraph/Desktop/Termirlan/AktisERP/cron_job.log 2>&1')
Traceback (most recent call last):
  File "/home/ongraph/Desktop/Termirlan/AktisERP/production/tasks.py", line 40, in send_whatsapp_message
    print(f"Message sent to {number}, SID: {message.sid}")
NameError: name 'number' is not defined

During handling of the above exception, another exception occurred:

Traceback (most recent call last):
  File "/home/ongraph/Desktop/Termirlan/AktisERP/venv/lib/python3.10/site-packages/django_crontab/crontab.py", line 145, in run_job
    func(*job_args, **job_kwargs)
  File "/home/ongraph/Desktop/Termirlan/AktisERP/production/tasks.py", line 57, in call_api
    send_whatsapp_message(data)
  File "/home/ongraph/Desktop/Termirlan/AktisERP/production/tasks.py", line 42, in send_whatsapp_message
    print(f"Failed to send message to {number}: {str(e)}")
NameError: name 'number' is not defined
[{'order_number': '20001', 'term': datetime.date(2024, 9, 14), 'client__name': 'testing3'}, {'order_number': '1119', 'term': datetime.date(2024, 9, 14), 'client__name': 'testing3'}]
[{'order_number': '20001', 'term': datetime.date(2024, 9, 14), 'client__name': 'testing3'}, {'order_number': '1119', 'term': datetime.date(2024, 9, 14), 'client__name': 'testing3'}]
[{'order_number': '20001', 'term': datetime.date(2024, 9, 14), 'client__name': 'testing3'}, {'order_number': '1119', 'term': datetime.date(2024, 9, 14), 'client__name': 'testing3'}]
[{'order_number': '20001', 'term': datetime.date(2024, 9, 14), 'client__name': 'testing3'}, {'order_number': '1119', 'term': datetime.date(2024, 9, 14), 'client__name': 'testing3'}]
[{'order_number': '20001', 'term': datetime.date(2024, 9, 14), 'client__name': 'testing3'}, {'order_number': '1119', 'term': datetime.date(2024, 9, 14), 'client__name': 'testing3'}]
[{'order_number': '20001', 'term': datetime.date(2024, 9, 14), 'client__name': 'testing3'}, {'order_number': '1119', 'term': datetime.date(2024, 9, 14), 'client__name': 'testing3'}]
[{'order_number': '20001', 'term': datetime.date(2024, 9, 14), 'client__name': 'testing3'}, {'order_number': '1119', 'term': datetime.date(2024, 9, 14), 'client__name': 'testing3'}]
[{'order_number': '20001', 'term': datetime.date(2024, 9, 14), 'client__name': 'testing3'}, {'order_number': '1119', 'term': datetime.date(2024, 9, 14), 'client__name': 'testing3'}]
[{'order_number': '20001', 'term': datetime.date(2024, 9, 14), 'client__name': 'testing3'}, {'order_number': '1119', 'term': datetime.date(2024, 9, 14), 'client__name': 'testing3'}]
[{'order_number': '20001', 'term': datetime.date(2024, 9, 14), 'client__name': 'testing3'}, {'order_number': '1119', 'term': datetime.date(2024, 9, 14), 'client__name': 'testing3'}]
[{'order_number': '20001', 'term': datetime.date(2024, 9, 14), 'client__name': 'testing3'}, {'order_number': '1119', 'term': datetime.date(2024, 9, 14), 'client__name': 'testing3'}]
[{'order_number': '20001', 'term': datetime.date(2024, 9, 14), 'client__name': 'testing3'}, {'order_number': '1119', 'term': datetime.date(2024, 9, 14), 'client__name': 'testing3'}]
[{'order_number': '20001', 'term': datetime.date(2024, 9, 14), 'client__name': 'testing3'}, {'order_number': '1119', 'term': datetime.date(2024, 9, 14), 'client__name': 'testing3'}]
[{'order_number': '20001', 'term': datetime.date(2024, 9, 14), 'client__name': 'testing3'}, {'order_number': '1119', 'term': datetime.date(2024, 9, 14), 'client__name': 'testing3'}]
[{'order_number': '20001', 'term': datetime.date(2024, 9, 14), 'client__name': 'testing3'}, {'order_number': '1119', 'term': datetime.date(2024, 9, 14), 'client__name': 'testing3'}]
[{'order_number': '20001', 'term': datetime.date(2024, 9, 14), 'client__name': 'testing3'}, {'order_number': '1119', 'term': datetime.date(2024, 9, 14), 'client__name': 'testing3'}]
[{'order_number': '20001', 'term': datetime.date(2024, 9, 14), 'client__name': 'testing3'}, {'order_number': '1119', 'term': datetime.date(2024, 9, 14), 'client__name': 'testing3'}]
[{'order_number': '20001', 'term': datetime.date(2024, 9, 14), 'client__name': 'testing3'}, {'order_number': '1119', 'term': datetime.date(2024, 9, 14), 'client__name': 'testing3'}]
[{'order_number': '20001', 'term': datetime.date(2024, 9, 14), 'client__name': 'testing3'}, {'order_number': '1119', 'term': datetime.date(2024, 9, 14), 'client__name': 'testing3'}]
[{'order_number': '20001', 'term': datetime.date(2024, 9, 14), 'client__name': 'testing3'}, {'order_number': '1119', 'term': datetime.date(2024, 9, 14), 'client__name': 'testing3'}]
[{'order_number': '20001', 'term': datetime.date(2024, 9, 14), 'client__name': 'testing3'}, {'order_number': '1119', 'term': datetime.date(2024, 9, 14), 'client__name': 'testing3'}]
[{'order_number': '20001', 'term': datetime.date(2024, 9, 14), 'client__name': 'testing3'}, {'order_number': '1119', 'term': datetime.date(2024, 9, 14), 'client__name': 'testing3'}]
[{'order_number': '20001', 'term': datetime.date(2024, 9, 14), 'client__name': 'testing3'}, {'order_number': '1119', 'term': datetime.date(2024, 9, 14), 'client__name': 'testing3'}]
[{'order_number': '20001', 'term': datetime.date(2024, 9, 14), 'client__name': 'testing3'}, {'order_number': '1119', 'term': datetime.date(2024, 9, 14), 'client__name': 'testing3'}]
[{'order_number': '20001', 'term': datetime.date(2024, 9, 14), 'client__name': 'testing3'}, {'order_number': '1119', 'term': datetime.date(2024, 9, 14), 'client__name': 'testing3'}]
[{'order_number': '20001', 'term': datetime.date(2024, 9, 14), 'client__name': 'testing3'}, {'order_number': '1119', 'term': datetime.date(2024, 9, 14), 'client__name': 'testing3'}]
[{'order_number': '20001', 'term': datetime.date(2024, 9, 14), 'client__name': 'testing3'}, {'order_number': '1119', 'term': datetime.date(2024, 9, 14), 'client__name': 'testing3'}]
[{'order_number': '20001', 'term': datetime.date(2024, 9, 14), 'client__name': 'testing3'}, {'order_number': '1119', 'term': datetime.date(2024, 9, 14), 'client__name': 'testing3'}]
[{'order_number': '20001', 'term': datetime.date(2024, 9, 14), 'client__name': 'testing3'}, {'order_number': '1119', 'term': datetime.date(2024, 9, 14), 'client__name': 'testing3'}]
[{'order_number': '20001', 'term': datetime.date(2024, 9, 14), 'client__name': 'testing3'}, {'order_number': '1119', 'term': datetime.date(2024, 9, 14), 'client__name': 'testing3'}]
[{'order_number': '20001', 'term': datetime.date(2024, 9, 14), 'client__name': 'testing3'}, {'order_number': '1119', 'term': datetime.date(2024, 9, 14), 'client__name': 'testing3'}]
[{'order_number': '20001', 'term': datetime.date(2024, 9, 14), 'client__name': 'testing3'}, {'order_number': '1119', 'term': datetime.date(2024, 9, 14), 'client__name': 'testing3'}]
[{'order_number': '20001', 'term': datetime.date(2024, 9, 14), 'client__name': 'testing3'}, {'order_number': '1119', 'term': datetime.date(2024, 9, 14), 'client__name': 'testing3'}]
[{'order_number': '20001', 'term': datetime.date(2024, 9, 14), 'client__name': 'testing3'}, {'order_number': '1119', 'term': datetime.date(2024, 9, 14), 'client__name': 'testing3'}]
[{'order_number': '20001', 'term': datetime.date(2024, 9, 14), 'client__name': 'testing3'}, {'order_number': '1119', 'term': datetime.date(2024, 9, 14), 'client__name': 'testing3'}]
[{'order_number': '20001', 'term': datetime.date(2024, 9, 14), 'client__name': 'testing3'}, {'order_number': '1119', 'term': datetime.date(2024, 9, 14), 'client__name': 'testing3'}]
[{'order_number': '20001', 'term': datetime.date(2024, 9, 14), 'client__name': 'testing3'}, {'order_number': '1119', 'term': datetime.date(2024, 9, 14), 'client__name': 'testing3'}]
[{'order_number': '20001', 'term': datetime.date(2024, 9, 14), 'client__name': 'testing3'}, {'order_number': '1119', 'term': datetime.date(2024, 9, 14), 'client__name': 'testing3'}]
[{'order_number': '20001', 'term': datetime.date(2024, 9, 14), 'client__name': 'testing3'}, {'order_number': '1119', 'term': datetime.date(2024, 9, 14), 'client__name': 'testing3'}]
[{'order_number': '20001', 'term': datetime.date(2024, 9, 14), 'client__name': 'testing3'}, {'order_number': '1119', 'term': datetime.date(2024, 9, 14), 'client__name': 'testing3'}]
[{'order_number': '20001', 'term': datetime.date(2024, 9, 14), 'client__name': 'testing3'}, {'order_number': '1119', 'term': datetime.date(2024, 9, 14), 'client__name': 'testing3'}]
[{'order_number': '20001', 'term': datetime.date(2024, 9, 14), 'client__name': 'testing3'}, {'order_number': '1119', 'term': datetime.date(2024, 9, 14), 'client__name': 'testing3'}]
[{'order_number': '20001', 'term': datetime.date(2024, 9, 14), 'client__name': 'testing3'}, {'order_number': '1119', 'term': datetime.date(2024, 9, 14), 'client__name': 'testing3'}]
[{'order_number': '20001', 'term': datetime.date(2024, 9, 14), 'client__name': 'testing3'}, {'order_number': '1119', 'term': datetime.date(2024, 9, 14), 'client__name': 'testing3'}]
[{'order_number': '20001', 'term': datetime.date(2024, 9, 14), 'client__name': 'testing3'}, {'order_number': '1119', 'term': datetime.date(2024, 9, 14), 'client__name': 'testing3'}]
[{'order_number': '20001', 'term': datetime.date(2024, 9, 14), 'client__name': 'testing3'}, {'order_number': '1119', 'term': datetime.date(2024, 9, 14), 'client__name': 'testing3'}]
[{'order_number': '20001', 'term': datetime.date(2024, 9, 14), 'client__name': 'testing3'}, {'order_number': '1119', 'term': datetime.date(2024, 9, 14), 'client__name': 'testing3'}]
[{'order_number': '20001', 'term': datetime.date(2024, 9, 14), 'client__name': 'testing3'}, {'order_number': '1119', 'term': datetime.date(2024, 9, 14), 'client__name': 'testing3'}]
[{'order_number': '20001', 'term': datetime.date(2024, 9, 14), 'client__name': 'testing3'}, {'order_number': '1119', 'term': datetime.date(2024, 9, 14), 'client__name': 'testing3'}]
[{'order_number': '20001', 'term': datetime.date(2024, 9, 14), 'client__name': 'testing3'}, {'order_number': '1119', 'term': datetime.date(2024, 9, 14), 'client__name': 'testing3'}]
[{'order_number': '20001', 'term': datetime.date(2024, 9, 14), 'client__name': 'testing3'}, {'order_number': '1119', 'term': datetime.date(2024, 9, 14), 'client__name': 'testing3'}]
[{'order_number': '20001', 'term': datetime.date(2024, 9, 14), 'client__name': 'testing3'}, {'order_number': '1119', 'term': datetime.date(2024, 9, 14), 'client__name': 'testing3'}]
[{'order_number': '20001', 'term': datetime.date(2024, 9, 14), 'client__name': 'testing3'}, {'order_number': '1119', 'term': datetime.date(2024, 9, 14), 'client__name': 'testing3'}]
